<?xml version="1.0" encoding="UTF-8"?>
<!-- Generated by org.testng.reporters.JUnitReportReporter -->
<testsuite hostname="SAI-LINGALA-99" failures="0" tests="1" name="testCases.TC_001_AccountRegistartionTest" time="3.783" errors="0" timestamp="2024-05-09T18:01:08 IST" skipped="0">
  <testcase classname="testCases.TC_001_AccountRegistartionTest" name="verify_account_registration" time="3.783"/>
</testsuite> <!-- testCases.TC_001_AccountRegistartionTest -->
