<?xml version="1.0" encoding="UTF-8"?>
<!-- Generated by org.testng.reporters.JUnitReportReporter -->
<testsuite hostname="SAI-LINGALA-99" failures="0" tests="1" name="testCases.TC_002_LoginTest" time="2.952" errors="0" timestamp="2024-05-09T18:01:08 IST" skipped="0">
  <testcase classname="testCases.TC_002_LoginTest" name="verify_login" time="2.952"/>
</testsuite> <!-- testCases.TC_002_LoginTest -->
